app/build/intermediates/manifest_merge_blame_file/debug/processDebugMainManifest/manifest-merger-blame-debug-report.txt
1<?xml version="1.0" encoding="utf-8"?>
2<manifest xmlns:android="http://schemas.android.com/apk/res/android"
3    package="coder.sentient.filecryptx"
4    android:versionCode="1"
5    android:versionName="1.0" >
6
7    <uses-sdk
8        android:minSdkVersion="33"
9        android:targetSdkVersion="36" />
10
11    <uses-permission android:name="android.permission.MANAGE_EXTERNAL_STORAGE" />
11-->src\main\AndroidManifest.xml:5:5-6:40
11-->src\main\AndroidManifest.xml:5:22-79
12    <uses-permission android:name="android.permission.POST_NOTIFICATIONS" />
12-->src\main\AndroidManifest.xml:7:5-77
12-->src\main\AndroidManifest.xml:7:22-74
13    <uses-permission android:name="android.permission.FOREGROUND_SERVICE" />
13-->src\main\AndroidManifest.xml:8:5-77
13-->src\main\AndroidManifest.xml:8:22-74
14    <uses-permission android:name="android.permission.FOREGROUND_SERVICE_DATA_SYNC" />
14-->src\main\AndroidManifest.xml:9:5-87
14-->src\main\AndroidManifest.xml:9:22-84
15    <uses-permission android:name="android.permission.WAKE_LOCK" />
15-->[androidx.work:work-runtime:2.9.1] AndroidManifest.xml:23:5-68
15-->[androidx.work:work-runtime:2.9.1] AndroidManifest.xml:23:22-65
16    <uses-permission android:name="android.permission.ACCESS_NETWORK_STATE" />
16-->[androidx.work:work-runtime:2.9.1] AndroidManifest.xml:24:5-79
16-->[androidx.work:work-runtime:2.9.1] AndroidManifest.xml:24:22-76
17    <uses-permission android:name="android.permission.RECEIVE_BOOT_COMPLETED" />
17-->[androidx.work:work-runtime:2.9.1] AndroidManifest.xml:25:5-81
17-->[androidx.work:work-runtime:2.9.1] AndroidManifest.xml:25:22-78
18
19    <permission
19-->[androidx.core:core:1.13.1] AndroidManifest.xml:22:5-24:47
20        android:name="coder.sentient.filecryptx.DYNAMIC_RECEIVER_NOT_EXPORTED_PERMISSION"
20-->[androidx.core:core:1.13.1] AndroidManifest.xml:23:9-81
21        android:protectionLevel="signature" />
21-->[androidx.core:core:1.13.1] AndroidManifest.xml:24:9-44
22
23    <uses-permission android:name="coder.sentient.filecryptx.DYNAMIC_RECEIVER_NOT_EXPORTED_PERMISSION" />
23-->[androidx.core:core:1.13.1] AndroidManifest.xml:26:5-97
23-->[androidx.core:core:1.13.1] AndroidManifest.xml:26:22-94
24
25    <application
25-->src\main\AndroidManifest.xml:11:5-72:19
26        android:allowBackup="true"
26-->src\main\AndroidManifest.xml:12:9-35
27        android:appComponentFactory="androidx.core.app.CoreComponentFactory"
27-->[androidx.core:core:1.13.1] AndroidManifest.xml:28:18-86
28        android:dataExtractionRules="@xml/data_extraction_rules"
28-->src\main\AndroidManifest.xml:13:9-65
29        android:debuggable="true"
30        android:extractNativeLibs="false"
31        android:fullBackupContent="@xml/backup_rules"
31-->src\main\AndroidManifest.xml:14:9-54
32        android:icon="@mipmap/ic_launcher"
32-->src\main\AndroidManifest.xml:15:9-43
33        android:label="@string/app_name"
33-->src\main\AndroidManifest.xml:16:9-41
34        android:largeHeap="true"
34-->src\main\AndroidManifest.xml:17:9-33
35        android:roundIcon="@mipmap/ic_launcher_round"
35-->src\main\AndroidManifest.xml:18:9-54
36        android:supportsRtl="true"
36-->src\main\AndroidManifest.xml:19:9-35
37        android:testOnly="true"
38        android:theme="@style/Theme.filecryptx" >
38-->src\main\AndroidManifest.xml:20:9-48
39        <activity
39-->src\main\AndroidManifest.xml:21:9-23:40
40            android:name="coder.sentient.filecryptx.AppSettings"
40-->src\main\AndroidManifest.xml:22:13-40
41            android:exported="false" />
41-->src\main\AndroidManifest.xml:23:13-37
42        <activity
42-->src\main\AndroidManifest.xml:24:9-32:20
43            android:name="coder.sentient.filecryptx.splashscreen.SplashScreen"
43-->src\main\AndroidManifest.xml:25:13-54
44            android:exported="true" >
44-->src\main\AndroidManifest.xml:26:13-36
45            <intent-filter>
45-->src\main\AndroidManifest.xml:27:13-31:29
46                <action android:name="android.intent.action.MAIN" />
46-->src\main\AndroidManifest.xml:28:17-69
46-->src\main\AndroidManifest.xml:28:25-66
47
48                <category android:name="android.intent.category.LAUNCHER" />
48-->src\main\AndroidManifest.xml:30:17-77
48-->src\main\AndroidManifest.xml:30:27-74
49            </intent-filter>
50        </activity>
51        <activity
51-->src\main\AndroidManifest.xml:34:9-38:20
52            android:name="coder.sentient.filecryptx.MainActivity"
52-->src\main\AndroidManifest.xml:35:13-41
53            android:exported="true" >
53-->src\main\AndroidManifest.xml:36:13-36
54        </activity>
55
56        <service
56-->src\main\AndroidManifest.xml:40:9-42:56
57            android:name="coder.sentient.filecryptx.service.VaultService"
57-->src\main\AndroidManifest.xml:41:13-49
58            android:foregroundServiceType="dataSync" />
58-->src\main\AndroidManifest.xml:42:13-53
59        <service
59-->src\main\AndroidManifest.xml:44:9-45:56
60            android:name="coder.sentient.filecryptx.service.PasteService"
60-->src\main\AndroidManifest.xml:44:18-54
61            android:foregroundServiceType="dataSync" />
61-->src\main\AndroidManifest.xml:45:13-53
62        <service
62-->src\main\AndroidManifest.xml:47:9-48:56
63            android:name="coder.sentient.filecryptx.archievingAndEncryption.AESEncryptionServices"
63-->src\main\AndroidManifest.xml:47:18-79
64            android:foregroundServiceType="dataSync" />
64-->src\main\AndroidManifest.xml:48:13-53
65        <service
65-->src\main\AndroidManifest.xml:50:9-51:56
66            android:name="coder.sentient.filecryptx.archievingAndEncryption.AESDecryptionService"
66-->src\main\AndroidManifest.xml:50:18-78
67            android:foregroundServiceType="dataSync" />
67-->src\main\AndroidManifest.xml:51:13-53
68        <service
68-->src\main\AndroidManifest.xml:53:9-54:56
69            android:name="coder.sentient.filecryptx.archievingAndEncryption.ZipArchive"
69-->src\main\AndroidManifest.xml:53:18-68
70            android:foregroundServiceType="dataSync" />
70-->src\main\AndroidManifest.xml:54:13-53
71        <service
71-->src\main\AndroidManifest.xml:56:9-57:56
72            android:name="coder.sentient.filecryptx.archievingAndEncryption.SevenZipArchive"
72-->src\main\AndroidManifest.xml:56:18-73
73            android:foregroundServiceType="dataSync" />
73-->src\main\AndroidManifest.xml:57:13-53
74
75        <meta-data
75-->src\main\AndroidManifest.xml:59:9-61:57
76            android:name="preloaded_fonts"
76-->src\main\AndroidManifest.xml:60:13-43
77            android:resource="@array/preloaded_fonts" />
77-->src\main\AndroidManifest.xml:61:13-54
78
79        <provider
80            android:name="androidx.core.content.FileProvider"
80-->src\main\AndroidManifest.xml:64:13-62
81            android:authorities="coder.sentient.filecryptx.provider"
81-->src\main\AndroidManifest.xml:65:13-60
82            android:exported="false"
82-->src\main\AndroidManifest.xml:66:13-37
83            android:grantUriPermissions="true" >
83-->src\main\AndroidManifest.xml:67:13-47
84            <meta-data
84-->src\main\AndroidManifest.xml:68:13-70:54
85                android:name="android.support.FILE_PROVIDER_PATHS"
85-->src\main\AndroidManifest.xml:69:17-67
86                android:resource="@xml/file_paths" />
86-->src\main\AndroidManifest.xml:70:17-51
87        </provider>
88        <provider
88-->[androidx.work:work-runtime:2.9.1] AndroidManifest.xml:29:9-37:20
89            android:name="androidx.startup.InitializationProvider"
89-->[androidx.work:work-runtime:2.9.1] AndroidManifest.xml:30:13-67
90            android:authorities="coder.sentient.filecryptx.androidx-startup"
90-->[androidx.work:work-runtime:2.9.1] AndroidManifest.xml:31:13-68
91            android:exported="false" >
91-->[androidx.work:work-runtime:2.9.1] AndroidManifest.xml:32:13-37
92            <meta-data
92-->[androidx.work:work-runtime:2.9.1] AndroidManifest.xml:34:13-36:52
93                android:name="androidx.work.WorkManagerInitializer"
93-->[androidx.work:work-runtime:2.9.1] AndroidManifest.xml:35:17-68
94                android:value="androidx.startup" />
94-->[androidx.work:work-runtime:2.9.1] AndroidManifest.xml:36:17-49
95            <meta-data
95-->[androidx.emoji2:emoji2:1.3.0] AndroidManifest.xml:29:13-31:52
96                android:name="androidx.emoji2.text.EmojiCompatInitializer"
96-->[androidx.emoji2:emoji2:1.3.0] AndroidManifest.xml:30:17-75
97                android:value="androidx.startup" />
97-->[androidx.emoji2:emoji2:1.3.0] AndroidManifest.xml:31:17-49
98            <meta-data
98-->[androidx.lifecycle:lifecycle-process:2.6.2] AndroidManifest.xml:29:13-31:52
99                android:name="androidx.lifecycle.ProcessLifecycleInitializer"
99-->[androidx.lifecycle:lifecycle-process:2.6.2] AndroidManifest.xml:30:17-78
100                android:value="androidx.startup" />
100-->[androidx.lifecycle:lifecycle-process:2.6.2] AndroidManifest.xml:31:17-49
101            <meta-data
101-->[androidx.profileinstaller:profileinstaller:1.3.1] AndroidManifest.xml:29:13-31:52
102                android:name="androidx.profileinstaller.ProfileInstallerInitializer"
102-->[androidx.profileinstaller:profileinstaller:1.3.1] AndroidManifest.xml:30:17-85
103                android:value="androidx.startup" />
103-->[androidx.profileinstaller:profileinstaller:1.3.1] AndroidManifest.xml:31:17-49
104        </provider>
105
106        <service
106-->[androidx.work:work-runtime:2.9.1] AndroidManifest.xml:39:9-45:35
107            android:name="androidx.work.impl.background.systemalarm.SystemAlarmService"
107-->[androidx.work:work-runtime:2.9.1] AndroidManifest.xml:40:13-88
108            android:directBootAware="false"
108-->[androidx.work:work-runtime:2.9.1] AndroidManifest.xml:41:13-44
109            android:enabled="@bool/enable_system_alarm_service_default"
109-->[androidx.work:work-runtime:2.9.1] AndroidManifest.xml:42:13-72
110            android:exported="false" />
110-->[androidx.work:work-runtime:2.9.1] AndroidManifest.xml:43:13-37
111        <service
111-->[androidx.work:work-runtime:2.9.1] AndroidManifest.xml:46:9-52:35
112            android:name="androidx.work.impl.background.systemjob.SystemJobService"
112-->[androidx.work:work-runtime:2.9.1] AndroidManifest.xml:47:13-84
113            android:directBootAware="false"
113-->[androidx.work:work-runtime:2.9.1] AndroidManifest.xml:48:13-44
114            android:enabled="@bool/enable_system_job_service_default"
114-->[androidx.work:work-runtime:2.9.1] AndroidManifest.xml:49:13-70
115            android:exported="true"
115-->[androidx.work:work-runtime:2.9.1] AndroidManifest.xml:50:13-36
116            android:permission="android.permission.BIND_JOB_SERVICE" />
116-->[androidx.work:work-runtime:2.9.1] AndroidManifest.xml:51:13-69
117        <service
117-->[androidx.work:work-runtime:2.9.1] AndroidManifest.xml:53:9-59:35
118            android:name="androidx.work.impl.foreground.SystemForegroundService"
118-->[androidx.work:work-runtime:2.9.1] AndroidManifest.xml:54:13-81
119            android:directBootAware="false"
119-->[androidx.work:work-runtime:2.9.1] AndroidManifest.xml:55:13-44
120            android:enabled="@bool/enable_system_foreground_service_default"
120-->[androidx.work:work-runtime:2.9.1] AndroidManifest.xml:56:13-77
121            android:exported="false" />
121-->[androidx.work:work-runtime:2.9.1] AndroidManifest.xml:57:13-37
122
123        <receiver
123-->[androidx.work:work-runtime:2.9.1] AndroidManifest.xml:61:9-66:35
124            android:name="androidx.work.impl.utils.ForceStopRunnable$BroadcastReceiver"
124-->[androidx.work:work-runtime:2.9.1] AndroidManifest.xml:62:13-88
125            android:directBootAware="false"
125-->[androidx.work:work-runtime:2.9.1] AndroidManifest.xml:63:13-44
126            android:enabled="true"
126-->[androidx.work:work-runtime:2.9.1] AndroidManifest.xml:64:13-35
127            android:exported="false" />
127-->[androidx.work:work-runtime:2.9.1] AndroidManifest.xml:65:13-37
128        <receiver
128-->[androidx.work:work-runtime:2.9.1] AndroidManifest.xml:67:9-77:20
129            android:name="androidx.work.impl.background.systemalarm.ConstraintProxy$BatteryChargingProxy"
129-->[androidx.work:work-runtime:2.9.1] AndroidManifest.xml:68:13-106
130            android:directBootAware="false"
130-->[androidx.work:work-runtime:2.9.1] AndroidManifest.xml:69:13-44
131            android:enabled="false"
131-->[androidx.work:work-runtime:2.9.1] AndroidManifest.xml:70:13-36
132            android:exported="false" >
132-->[androidx.work:work-runtime:2.9.1] AndroidManifest.xml:71:13-37
133            <intent-filter>
133-->[androidx.work:work-runtime:2.9.1] AndroidManifest.xml:73:13-76:29
134                <action android:name="android.intent.action.ACTION_POWER_CONNECTED" />
134-->[androidx.work:work-runtime:2.9.1] AndroidManifest.xml:74:17-87
134-->[androidx.work:work-runtime:2.9.1] AndroidManifest.xml:74:25-84
135                <action android:name="android.intent.action.ACTION_POWER_DISCONNECTED" />
135-->[androidx.work:work-runtime:2.9.1] AndroidManifest.xml:75:17-90
135-->[androidx.work:work-runtime:2.9.1] AndroidManifest.xml:75:25-87
136            </intent-filter>
137        </receiver>
138        <receiver
138-->[androidx.work:work-runtime:2.9.1] AndroidManifest.xml:78:9-88:20
139            android:name="androidx.work.impl.background.systemalarm.ConstraintProxy$BatteryNotLowProxy"
139-->[androidx.work:work-runtime:2.9.1] AndroidManifest.xml:79:13-104
140            android:directBootAware="false"
140-->[androidx.work:work-runtime:2.9.1] AndroidManifest.xml:80:13-44
141            android:enabled="false"
141-->[androidx.work:work-runtime:2.9.1] AndroidManifest.xml:81:13-36
142            android:exported="false" >
142-->[androidx.work:work-runtime:2.9.1] AndroidManifest.xml:82:13-37
143            <intent-filter>
143-->[androidx.work:work-runtime:2.9.1] AndroidManifest.xml:84:13-87:29
144                <action android:name="android.intent.action.BATTERY_OKAY" />
144-->[androidx.work:work-runtime:2.9.1] AndroidManifest.xml:85:17-77
144-->[androidx.work:work-runtime:2.9.1] AndroidManifest.xml:85:25-74
145                <action android:name="android.intent.action.BATTERY_LOW" />
145-->[androidx.work:work-runtime:2.9.1] AndroidManifest.xml:86:17-76
145-->[androidx.work:work-runtime:2.9.1] AndroidManifest.xml:86:25-73
146            </intent-filter>
147        </receiver>
148        <receiver
148-->[androidx.work:work-runtime:2.9.1] AndroidManifest.xml:89:9-99:20
149            android:name="androidx.work.impl.background.systemalarm.ConstraintProxy$StorageNotLowProxy"
149-->[androidx.work:work-runtime:2.9.1] AndroidManifest.xml:90:13-104
150            android:directBootAware="false"
150-->[androidx.work:work-runtime:2.9.1] AndroidManifest.xml:91:13-44
151            android:enabled="false"
151-->[androidx.work:work-runtime:2.9.1] AndroidManifest.xml:92:13-36
152            android:exported="false" >
152-->[androidx.work:work-runtime:2.9.1] AndroidManifest.xml:93:13-37
153            <intent-filter>
153-->[androidx.work:work-runtime:2.9.1] AndroidManifest.xml:95:13-98:29
154                <action android:name="android.intent.action.DEVICE_STORAGE_LOW" />
154-->[androidx.work:work-runtime:2.9.1] AndroidManifest.xml:96:17-83
154-->[androidx.work:work-runtime:2.9.1] AndroidManifest.xml:96:25-80
155                <action android:name="android.intent.action.DEVICE_STORAGE_OK" />
155-->[androidx.work:work-runtime:2.9.1] AndroidManifest.xml:97:17-82
155-->[androidx.work:work-runtime:2.9.1] AndroidManifest.xml:97:25-79
156            </intent-filter>
157        </receiver>
158        <receiver
158-->[androidx.work:work-runtime:2.9.1] AndroidManifest.xml:100:9-109:20
159            android:name="androidx.work.impl.background.systemalarm.ConstraintProxy$NetworkStateProxy"
159-->[androidx.work:work-runtime:2.9.1] AndroidManifest.xml:101:13-103
160            android:directBootAware="false"
160-->[androidx.work:work-runtime:2.9.1] AndroidManifest.xml:102:13-44
161            android:enabled="false"
161-->[androidx.work:work-runtime:2.9.1] AndroidManifest.xml:103:13-36
162            android:exported="false" >
162-->[androidx.work:work-runtime:2.9.1] AndroidManifest.xml:104:13-37
163            <intent-filter>
163-->[androidx.work:work-runtime:2.9.1] AndroidManifest.xml:106:13-108:29
164                <action android:name="android.net.conn.CONNECTIVITY_CHANGE" />
164-->[androidx.work:work-runtime:2.9.1] AndroidManifest.xml:107:17-79
164-->[androidx.work:work-runtime:2.9.1] AndroidManifest.xml:107:25-76
165            </intent-filter>
166        </receiver>
167        <receiver
167-->[androidx.work:work-runtime:2.9.1] AndroidManifest.xml:110:9-121:20
168            android:name="androidx.work.impl.background.systemalarm.RescheduleReceiver"
168-->[androidx.work:work-runtime:2.9.1] AndroidManifest.xml:111:13-88
169            android:directBootAware="false"
169-->[androidx.work:work-runtime:2.9.1] AndroidManifest.xml:112:13-44
170            android:enabled="false"
170-->[androidx.work:work-runtime:2.9.1] AndroidManifest.xml:113:13-36
171            android:exported="false" >
171-->[androidx.work:work-runtime:2.9.1] AndroidManifest.xml:114:13-37
172            <intent-filter>
172-->[androidx.work:work-runtime:2.9.1] AndroidManifest.xml:116:13-120:29
173                <action android:name="android.intent.action.BOOT_COMPLETED" />
173-->[androidx.work:work-runtime:2.9.1] AndroidManifest.xml:117:17-79
173-->[androidx.work:work-runtime:2.9.1] AndroidManifest.xml:117:25-76
174                <action android:name="android.intent.action.TIME_SET" />
174-->[androidx.work:work-runtime:2.9.1] AndroidManifest.xml:118:17-73
174-->[androidx.work:work-runtime:2.9.1] AndroidManifest.xml:118:25-70
175                <action android:name="android.intent.action.TIMEZONE_CHANGED" />
175-->[androidx.work:work-runtime:2.9.1] AndroidManifest.xml:119:17-81
175-->[androidx.work:work-runtime:2.9.1] AndroidManifest.xml:119:25-78
176            </intent-filter>
177        </receiver>
178        <receiver
178-->[androidx.work:work-runtime:2.9.1] AndroidManifest.xml:122:9-131:20
179            android:name="androidx.work.impl.background.systemalarm.ConstraintProxyUpdateReceiver"
179-->[androidx.work:work-runtime:2.9.1] AndroidManifest.xml:123:13-99
180            android:directBootAware="false"
180-->[androidx.work:work-runtime:2.9.1] AndroidManifest.xml:124:13-44
181            android:enabled="@bool/enable_system_alarm_service_default"
181-->[androidx.work:work-runtime:2.9.1] AndroidManifest.xml:125:13-72
182            android:exported="false" >
182-->[androidx.work:work-runtime:2.9.1] AndroidManifest.xml:126:13-37
183            <intent-filter>
183-->[androidx.work:work-runtime:2.9.1] AndroidManifest.xml:128:13-130:29
184                <action android:name="androidx.work.impl.background.systemalarm.UpdateProxies" />
184-->[androidx.work:work-runtime:2.9.1] AndroidManifest.xml:129:17-98
184-->[androidx.work:work-runtime:2.9.1] AndroidManifest.xml:129:25-95
185            </intent-filter>
186        </receiver>
187        <receiver
187-->[androidx.work:work-runtime:2.9.1] AndroidManifest.xml:132:9-142:20
188            android:name="androidx.work.impl.diagnostics.DiagnosticsReceiver"
188-->[androidx.work:work-runtime:2.9.1] AndroidManifest.xml:133:13-78
189            android:directBootAware="false"
189-->[androidx.work:work-runtime:2.9.1] AndroidManifest.xml:134:13-44
190            android:enabled="true"
190-->[androidx.work:work-runtime:2.9.1] AndroidManifest.xml:135:13-35
191            android:exported="true"
191-->[androidx.work:work-runtime:2.9.1] AndroidManifest.xml:136:13-36
192            android:permission="android.permission.DUMP" >
192-->[androidx.work:work-runtime:2.9.1] AndroidManifest.xml:137:13-57
193            <intent-filter>
193-->[androidx.work:work-runtime:2.9.1] AndroidManifest.xml:139:13-141:29
194                <action android:name="androidx.work.diagnostics.REQUEST_DIAGNOSTICS" />
194-->[androidx.work:work-runtime:2.9.1] AndroidManifest.xml:140:17-88
194-->[androidx.work:work-runtime:2.9.1] AndroidManifest.xml:140:25-85
195            </intent-filter>
196        </receiver>
197
198        <service
198-->[androidx.room:room-runtime:2.6.1] AndroidManifest.xml:24:9-28:63
199            android:name="androidx.room.MultiInstanceInvalidationService"
199-->[androidx.room:room-runtime:2.6.1] AndroidManifest.xml:25:13-74
200            android:directBootAware="true"
200-->[androidx.room:room-runtime:2.6.1] AndroidManifest.xml:26:13-43
201            android:exported="false" />
201-->[androidx.room:room-runtime:2.6.1] AndroidManifest.xml:27:13-37
202
203        <receiver
203-->[androidx.profileinstaller:profileinstaller:1.3.1] AndroidManifest.xml:34:9-52:20
204            android:name="androidx.profileinstaller.ProfileInstallReceiver"
204-->[androidx.profileinstaller:profileinstaller:1.3.1] AndroidManifest.xml:35:13-76
205            android:directBootAware="false"
205-->[androidx.profileinstaller:profileinstaller:1.3.1] AndroidManifest.xml:36:13-44
206            android:enabled="true"
206-->[androidx.profileinstaller:profileinstaller:1.3.1] AndroidManifest.xml:37:13-35
207            android:exported="true"
207-->[androidx.profileinstaller:profileinstaller:1.3.1] AndroidManifest.xml:38:13-36
208            android:permission="android.permission.DUMP" >
208-->[androidx.profileinstaller:profileinstaller:1.3.1] AndroidManifest.xml:39:13-57
209            <intent-filter>
209-->[androidx.profileinstaller:profileinstaller:1.3.1] AndroidManifest.xml:40:13-42:29
210                <action android:name="androidx.profileinstaller.action.INSTALL_PROFILE" />
210-->[androidx.profileinstaller:profileinstaller:1.3.1] AndroidManifest.xml:41:17-91
210-->[androidx.profileinstaller:profileinstaller:1.3.1] AndroidManifest.xml:41:25-88
211            </intent-filter>
212            <intent-filter>
212-->[androidx.profileinstaller:profileinstaller:1.3.1] AndroidManifest.xml:43:13-45:29
213                <action android:name="androidx.profileinstaller.action.SKIP_FILE" />
213-->[androidx.profileinstaller:profileinstaller:1.3.1] AndroidManifest.xml:44:17-85
213-->[androidx.profileinstaller:profileinstaller:1.3.1] AndroidManifest.xml:44:25-82
214            </intent-filter>
215            <intent-filter>
215-->[androidx.profileinstaller:profileinstaller:1.3.1] AndroidManifest.xml:46:13-48:29
216                <action android:name="androidx.profileinstaller.action.SAVE_PROFILE" />
216-->[androidx.profileinstaller:profileinstaller:1.3.1] AndroidManifest.xml:47:17-88
216-->[androidx.profileinstaller:profileinstaller:1.3.1] AndroidManifest.xml:47:25-85
217            </intent-filter>
218            <intent-filter>
218-->[androidx.profileinstaller:profileinstaller:1.3.1] AndroidManifest.xml:49:13-51:29
219                <action android:name="androidx.profileinstaller.action.BENCHMARK_OPERATION" />
219-->[androidx.profileinstaller:profileinstaller:1.3.1] AndroidManifest.xml:50:17-95
219-->[androidx.profileinstaller:profileinstaller:1.3.1] AndroidManifest.xml:50:25-92
220            </intent-filter>
221        </receiver>
222    </application>
223
224</manifest>